<?xml version="1.0" encoding="UTF-8"?>
<!-- Generated by org.testng.reporters.JUnitXMLReporter -->
<testsuite hostname="PC207584" name="Default test" tests="1" failures="0" timestamp="5 Sep 2018 11:11:47 GMT" time="0.078" errors="0">
  <testcase name="@BeforeSuite beforeSuite" time="0.0" classname="testcases.LoginSuccess">
    <failure type="java.lang.NoSuchMethodError" message="com.relevantcodes.extentreports.ExtentReports.loadConfig(Ljava/io/File;)V">
      <![CDATA[java.lang.NoSuchMethodError: com.relevantcodes.extentreports.ExtentReports.loadConfig(Ljava/io/File;)V
	at utils.Reporter.startResult(Reporter.java:44)
	at wrappers.OpentapsWrappers.beforeSuite(OpentapsWrappers.java:26)
	at sun.reflect.NativeMethodAccessorImpl.invoke0(Native Method)
	at sun.reflect.NativeMethodAccessorImpl.invoke(Unknown Source)
	at sun.reflect.DelegatingMethodAccessorImpl.invoke(Unknown Source)
	at java.lang.reflect.Method.invoke(Unknown Source)
	at org.testng.internal.MethodInvocationHelper.invokeMethod(MethodInvocationHelper.java:85)
	at org.testng.internal.Invoker.invokeConfigurationMethod(Invoker.java:510)
	at org.testng.internal.Invoker.invokeConfigurations(Invoker.java:211)
	at org.testng.internal.Invoker.invokeConfigurations(Invoker.java:138)
	at org.testng.SuiteRunner.privateRun(SuiteRunner.java:298)
	at org.testng.SuiteRunner.run(SuiteRunner.java:261)
	at org.testng.SuiteRunnerWorker.runSuite(SuiteRunnerWorker.java:52)
	at org.testng.SuiteRunnerWorker.run(SuiteRunnerWorker.java:86)
	at org.testng.TestNG.runSuitesSequentially(TestNG.java:1215)
	at org.testng.TestNG.runSuitesLocally(TestNG.java:1140)
	at org.testng.TestNG.run(TestNG.java:1048)
	at org.testng.remote.AbstractRemoteTestNG.run(AbstractRemoteTestNG.java:114)
	at org.testng.remote.RemoteTestNG.initAndRun(RemoteTestNG.java:251)
	at org.testng.remote.RemoteTestNG.main(RemoteTestNG.java:77)
]]>
    </failure>
  </testcase> <!-- @BeforeSuite beforeSuite -->
  <testcase name="@BeforeTest beforeTest" time="0.0" classname="testcases.LoginSuccess">
    <skipped/>
  </testcase> <!-- @BeforeTest beforeTest -->
  <testcase name="@BeforeClass startTestCase" time="0.0" classname="testcases.LoginSuccess">
    <skipped/>
  </testcase> <!-- @BeforeClass startTestCase -->
  <testcase name="@AfterTest afterTest" time="0.0" classname="testcases.LoginSuccess">
    <skipped/>
  </testcase> <!-- @AfterTest afterTest -->
  <testcase name="loginForSuccess" time="0.0" classname="testcases.LoginSuccess">
    <skipped/>
  </testcase> <!-- loginForSuccess -->
</testsuite> <!-- Default test -->
